<?xml version="1.0" encoding="UTF-8"?>
<testsuite name="RoboticDogTest" tests="6" skipped="0" failures="0" errors="0" timestamp="2021-06-10T17:57:15" hostname="DESKTOP-RU0FJH7" time="0.031">
  <properties/>
  <testcase name="roboticDogConditionShouldNeverBeOverOneHundred()" classname="RoboticDogTest" time="0.022"/>
  <testcase name="roboticDogShouldBeAbleToPlay()" classname="RoboticDogTest" time="0.001"/>
  <testcase name="roboticDogShouldWalk()" classname="RoboticDogTest" time="0.0"/>
  <testcase name="roboticDogShouldCharge()" classname="RoboticDogTest" time="0.002"/>
  <testcase name="roboticDogShouldRequireMaintenance()" classname="RoboticDogTest" time="0.001"/>
  <testcase name="roboticDogHasName()" classname="RoboticDogTest" time="0.002"/>
  <system-out><![CDATA[]]></system-out>
  <system-err><![CDATA[]]></system-err>
</testsuite>
